MAX_ITERATIONS          = 1
NET_SIZE                = 13
MAX_BEAM_SIZE           = 1000
NUM_SCORING_TESTS       = 10
USE_SYMMETRY_HEURISTIC  = No
DEPTH_WEIGHT            = 0.0001
NUM_INPUT_PATTERNS      = 8192
INPUT_PATTERN_TYPE      = uint16_t
LENGTH_LOWER_BOUND      = 45
LENGTH_UPPER_BOUND      = 90
DEPTH_LOWER_BOUND       = 9

Iteration 1:
0 [78→1] 1 [77→2] 2 [152→9] 3 [675→62] 4 [4587→515] 5 [37585→5056] {4} {8} {16} 6 [71943→18132] {2} {4} {8} {16} {32} 7 [70895→28992] {2} {4} {8} {16} {32} 8 [69843→39086] {2} {4} {8} {16} {32} {64} 9 [68727→45332] {2} {4} {8} {16} {32} {64} 10 [67450→48550] {2} {4} {8} {16} {32} {64} 11 [65990→50664] {2} {4} {8} {16} {32} {64} 12 [64533→52800] {2} {4} {8} {16} {32} {64} 13 [63044→54532] {2} {4} {8} {16} {32} {64} 14 [61515→56394] {2} {4} {8} {16} {32} {64} 15 [59739→56380] {2} {4} {8} {16} {32} {64} 16 [57743→54112] {2} {4} {8} {16} {32} {64} 17 [55265→51200] {2} {4} {8} {16} {32} {64} 18 [52401→49353] {2} {4} {8} {16} {32} {64} 19 [50029→46724] {2} {4} {8} {16} {32} {64} 20 [48120→46386] {2} {4} {8} {16} {32} {64} 21 [45775→44754] {2} {4} {8} {16} {32} {64} 22 [43482→42728] {2} {4} {8} {16} {32} {64} 23 [41401→40457] {2} {4} {8} {16} {32} {64} 24 [39816→38957] {2} {4} {8} {16} {32} {64} 25 [38295→37410] {2} {4} {8} {16} {32} {64} 26 [36441→34994] {2} {4} {8} {16} {32} {64} 27 [34454→32618] {2} {4} {8} {16} {32} {64} 28 [31639→30100] {2} {4} {8} {16} {32} 29 [28933→27561] {2} {4} {8} {16} {32} 30 [26191→24889] {2} {4} {8} {16} {32} 31 [23699→21586] {2} {4} {8} {16} {32} 32 [21899→19800] {2} {4} {8} {16} {32} 33 [19590→18385] {2} {4} {8} {16} {32} 34 [17324→16264] {2} {4} {8} {16} {32} 35 [15420→14533] {3} {6} {12} {24} 36 [13613→12743] {3} {6} {12} {24} 37 [11693→10938] {3} {6} {12} {24} 38 [10124→9173] {3} {6} {12} {24} 39 [8093→7176] {4} {8} {16} 40 [6426→5400] {4} {8} {16} 41 [4642→3872] {5} {10} 42 [3544→2725] {5} {10} 43 [2213→1624] {10} 44 [1000→659] 45
+1:(0,3)
+2:(1,4)
+3:(2,7)
+4:(5,10)
+5:(6,9)
+6:(8,11)
+7:(0,1)
+8:(2,10)
+9:(3,4)
+10:(5,12)
+11:(6,11)
+12:(8,9)
+13:(0,6)
+14:(2,5)
+15:(3,9)
+16:(4,8)
+17:(7,12)
+18:(0,10)
+19:(1,2)
+20:(3,6)
+21:(5,11)
+22:(7,8)
+23:(9,12)
+24:(0,4)
+25:(2,5)
+26:(6,7)
+27:(8,10)
+28:(9,12)
+29:(0,6)
+30:(2,10)
+31:(3,9)
+32:(4,7)
+33:(5,8)
+34:(0,3)
+35:(1,2)
+36:(5,10)
+37:(6,9)
+38:(0,3)
+39:(1,7)
+40:(2,10)
+41:(6,9)
+42:(0,3)
+43:(1,7)
+44:(2,10)
+45:(0,3)
+Length: 45
+Depth : 10

Total Iterations  : 1
Total Time        : 13.6064 seconds
