MAX_ITERATIONS          = 1
NET_SIZE                = 14
MAX_BEAM_SIZE           = 1000
NUM_SCORING_TESTS       = 10
USE_SYMMETRY_HEURISTIC  = Yes
DEPTH_WEIGHT            = 0.0001
NUM_INPUT_PATTERNS      = 16384
INPUT_PATTERN_TYPE      = uint16_t
LENGTH_LOWER_BOUND      = 51
LENGTH_UPPER_BOUND      = 102
DEPTH_LOWER_BOUND       = 9

Iteration 1:
0 [91→1] 1 [1] 2 [89→4] 3 [4] 4 [347→47] 5 [641→121] 6 [3307→778] 7 [11635→3069] {5} {10} 8 [19062→7458] {4} {8} {16} 9 [11968→6310] {4} {8} {16} 10 [17197→10767] {3} {6} {12} {24} 11 [12242→8011] {3} {6} {12} {24} 12 [16547→11020] {3} {6} {12} {24} 13 [14327→9363] {3} {6} {12} {24} 14 [12995→8884] {3} {6} {12} {24} 15 [12999→9460] {3} {6} {12} {24} 16 [11807→8965] {3} {6} {12} {24} 17 [16282→12607] {3} {6} {12} {24} 18 [7366→5875] {4} {8} {16} 19 [17036→13999] {3} {6} {12} {24} 20 [5079→4463] {4} {8} {16} 21 [18609→17167] {2} {4} {8} {16} {32} 22 [4415→4107] {4} {8} {16} 23 [17097→16787] {2} {4} {8} {16} {32} 24 [3464→3319] {5} {10} 25 [23062→22790] {2} {4} {8} {16} {32} 26 [2737→2497] {5} {10} 27 [22784→22564] {2} {4} {8} {16} {32} 28 [3696→3482] {5} {10} 29 [14445→14122] {3} {6} {12} {24} 30 [5112→4886] {4} {8} {16} 31 [14510→14266] {3} {6} {12} {24} 32 [4148→3879] {5} {10} 33 [13308→13132] {3} {6} {12} {24} 34 [3877→3658] {5} {10} 35 [11623→11468] {3} {6} {12} {24} 36 [5009→4752] {4} {8} {16} 37 [7313→7068] {4} {8} {16} 38 [3869→3518] {5} {10} 39 [6756→6494] {4} {8} {16} 40 [3167→2789] {5} {10} 41 [6844→6578] {4} {8} {16} 42 [2405→2012] {5} {10} 43 [5683→5453] {4} {8} {16} 44 [1791→1449] {10} 45 [4640→4434] {4} {8} {16} 46 [1809→1401] {10} 47 [2740→2416] {5} {10} 48 [1732→1397] {10} 49 [1552→1232] {10} 50 [1323→930] 51
+1:(0,3)
+2:(1,7)
+3:(2,6)
+4:(4,8)
+5:(5,9)
+6:(10,12)
+7:(11,13)
+8:(0,3)
+9:(1,6)
+10:(2,7)
+11:(4,13)
+12:(5,12)
+13:(8,11)
+14:(9,10)
+15:(0,2)
+16:(1,3)
+17:(4,5)
+18:(6,8)
+19:(9,13)
+20:(10,11)
+21:(0,6)
+22:(1,5)
+23:(2,12)
+24:(3,7)
+25:(8,10)
+26:(9,11)
+27:(0,4)
+28:(2,6)
+29:(3,5)
+30:(7,9)
+31:(8,10)
+32:(0,3)
+33:(1,5)
+34:(2,4)
+35:(6,7)
+36:(1,9)
+37:(2,8)
+38:(3,6)
+39:(4,10)
+40:(5,11)
+41:(0,2)
+42:(1,3)
+43:(4,8)
+44:(5,9)
+45:(0,3)
+46:(1,7)
+47:(2,6)
+48:(0,6)
+49:(1,5)
+50:(2,4)
+51:(3,7)
+Length: 51
+Depth : 11

Total Iterations  : 1
Total Time        : 6.38014 seconds
