MAX_ITERATIONS          = 1
NET_SIZE                = 14
MAX_BEAM_SIZE           = 1000
NUM_SCORING_TESTS       = 10
USE_SYMMETRY_HEURISTIC  = Yes
DEPTH_WEIGHT            = 0.0001
NUM_INPUT_PATTERNS      = 16384
INPUT_PATTERN_TYPE      = uint16_t
LENGTH_LOWER_BOUND      = 51
LENGTH_UPPER_BOUND      = 102
DEPTH_LOWER_BOUND       = 9

Iteration 1:
0 [91→1] 1 [1] 2 [89→4] 3 [4] 4 [347→47] 5 [641→121] 6 [3306→775] 7 [11548→3042] {5} {10} 8 [18728→7252] {4} {8} {16} 9 [12201→6193] {4} {8} {16} 10 [16302→9826] {3} {6} {12} {24} 11 [13147→8035] {3} {6} {12} {24} 12 [12999→8412] {3} {6} {12} {24} 13 [14639→9502] {3} {6} {12} {24} 14 [12548→8462] {3} {6} {12} {24} 15 [13951→10116] {3} {6} {12} {24} 16 [10592→8229] {3} {6} {12} {24} 17 [16016→12385] {3} {6} {12} {24} 18 [8094→6396] {4} {8} {16} 19 [15297→12526] {3} {6} {12} {24} 20 [4625→4100] {4} {8} {16} 21 [19151→17658] {2} {4} {8} {16} {32} 22 [4233→3868] {5} {10} 23 [16801→16277] {2} {4} {8} {16} {32} 24 [3471→3318] {5} {10} 25 [22240→21804] {2} {4} {8} {16} {32} 26 [2741→2488] {5} {10} 27 [22539→22285] {2} {4} {8} {16} {32} 28 [4119→3923] {5} {10} 29 [13241→13023] {3} {6} {12} {24} 30 [5466→5257] {4} {8} {16} 31 [12016→11747] {3} {6} {12} {24} 32 [5325→5060] {4} {8} {16} 33 [11226→11040] {3} {6} {12} {24} 34 [4976→4776] {4} {8} {16} 35 [9389→9228] {3} {6} {12} {24} 36 [5609→5391] {4} {8} {16} 37 [6529→6255] {4} {8} {16} 38 [4541→4200] {4} {8} {16} 39 [5805→5550] {4} {8} {16} 40 [3660→3327] {5} {10} 41 [6021→5770] {4} {8} {16} 42 [2992→2624] {5} {10} 43 [5654→5420] {4} {8} {16} 44 [1850→1556] {10} 45 [4806→4587] {4} {8} {16} 46 [1799→1439] {10} 47 [2973→2648] {5} {10} 48 [1540→1190] {10} 49 [1606→1320] {10} 50 [1181→695] 51
+1:(0,7)
+2:(1,5)
+3:(2,3)
+4:(4,8)
+5:(6,9)
+6:(10,12)
+7:(11,13)
+8:(0,8)
+9:(1,9)
+10:(2,3)
+11:(4,7)
+12:(5,6)
+13:(10,13)
+14:(11,12)
+15:(0,1)
+16:(2,12)
+17:(3,13)
+18:(4,6)
+19:(5,10)
+20:(7,9)
+21:(0,4)
+22:(2,10)
+23:(3,11)
+24:(5,7)
+25:(6,9)
+26:(8,12)
+27:(0,10)
+28:(1,2)
+29:(3,6)
+30:(4,8)
+31:(5,7)
+32:(9,11)
+33:(2,5)
+34:(3,7)
+35:(4,8)
+36:(6,9)
+37:(0,4)
+38:(1,6)
+39:(2,3)
+40:(8,10)
+41:(9,11)
+42:(0,7)
+43:(1,3)
+44:(4,8)
+45:(6,9)
+46:(0,7)
+47:(1,6)
+48:(2,3)
+49:(0,4)
+50:(1,6)
+51:(2,7)
+Length: 51
+Depth : 11

Total Iterations  : 1
Total Time        : 5.98159 seconds
