MAX_ITERATIONS          = 1
NET_SIZE                = 13
MAX_BEAM_SIZE           = 1000
NUM_SCORING_TESTS       = 10
USE_SYMMETRY_HEURISTIC  = No
DEPTH_WEIGHT            = 0.0001
NUM_INPUT_PATTERNS      = 8192
INPUT_PATTERN_TYPE      = uint16_t
LENGTH_LOWER_BOUND      = 45
LENGTH_UPPER_BOUND      = 90
DEPTH_LOWER_BOUND       = 9

Iteration 1:
0 [78→1] 1 [77→2] 2 [152→9] 3 [675→62] 4 [4587→514] 5 [37512→5056] {4} {8} {16} 6 [71933→18310] {2} {4} {8} {16} {32} 7 [70897→29317] {2} {4} {8} {16} {32} 8 [69851→38710] {2} {4} {8} {16} {32} {64} 9 [68761→45239] {2} {4} {8} {16} {32} {64} 10 [67537→48852] {2} {4} {8} {16} {32} {64} 11 [66081→50437] {2} {4} {8} {16} {32} {64} 12 [64571→52045] {2} {4} {8} {16} {32} {64} 13 [62981→53839] {2} {4} {8} {16} {32} {64} 14 [61315→54831] {2} {4} {8} {16} {32} {64} 15 [59486→55010] {2} {4} {8} {16} {32} {64} 16 [57394→54153] {2} {4} {8} {16} {32} {64} 17 [54403→50184] {2} {4} {8} {16} {32} {64} 18 [51850→48821] {2} {4} {8} {16} {32} {64} 19 [49805→47661] {2} {4} {8} {16} {32} {64} 20 [47872→46239] {2} {4} {8} {16} {32} {64} 21 [45652→44666] {2} {4} {8} {16} {32} {64} 22 [43488→42639] {2} {4} {8} {16} {32} {64} 23 [41144→40237] {2} {4} {8} {16} {32} {64} 24 [39303→38361] {2} {4} {8} {16} {32} {64} 25 [37610→36861] {2} {4} {8} {16} {32} {64} 26 [35623→34672] {2} {4} {8} {16} {32} {64} 27 [33198→32235] {2} {4} {8} {16} {32} {64} 28 [30459→29493] {2} {4} {8} {16} {32} 29 [28139→26931] {2} {4} {8} {16} {32} 30 [25680→24131] {2} {4} {8} {16} {32} 31 [23037→21132] {2} {4} {8} {16} {32} 32 [21354→20323] {2} {4} {8} {16} {32} 33 [19575→18546] {2} {4} {8} {16} {32} 34 [17865→16762] {2} {4} {8} {16} {32} 35 [15939→14677] {3} {6} {12} {24} 36 [13864→12739] {3} {6} {12} {24} 37 [12016→11006] {3} {6} {12} {24} 38 [9971→9154] {3} {6} {12} {24} 39 [8162→7587] {4} {8} {16} 40 [6232→5665] {4} {8} {16} 41 [4763→3801] {5} {10} 42 [3103→2391] {5} {10} 43 [2070→1492] {10} 44 [1000→549] 45
+1:(0,4)
+2:(1,6)
+3:(2,5)
+4:(3,8)
+5:(7,10)
+6:(9,11)
+7:(0,11)
+8:(1,5)
+9:(2,6)
+10:(3,10)
+11:(4,9)
+12:(7,8)
+13:(0,3)
+14:(1,12)
+15:(4,10)
+16:(5,6)
+17:(7,9)
+18:(8,11)
+19:(0,1)
+20:(2,11)
+21:(3,9)
+22:(4,6)
+23:(5,7)
+24:(0,4)
+25:(1,2)
+26:(3,5)
+27:(6,8)
+28:(7,10)
+29:(0,6)
+30:(1,9)
+31:(2,11)
+32:(3,8)
+33:(4,7)
+34:(0,6)
+35:(2,8)
+36:(0,1)
+37:(2,3)
+38:(5,6)
+39:(8,9)
+40:(0,4)
+41:(1,6)
+42:(2,5)
+43:(3,8)
+44:(2,3)
+45:(5,6)
+Length: 45
+Depth : 10

Total Iterations  : 1
Total Time        : 13.1109 seconds
